<?xml version="1.0" encoding="UTF-8"?>
<!-- Generated by org.testng.reporters.JUnitReportReporter -->
<testsuite hostname="DESKTOP-PH58IT2" failures="0" tests="1" name="com.test.ci.FirstCI" time="2.323" errors="0" timestamp="2025-01-20T21:59:50 IST" skipped="0">
  <testcase classname="com.test.ci.FirstCI" name="openMyBlog" time="2.323"/>
  <system-out/>
</testsuite> <!-- com.test.ci.FirstCI -->
