<?xml version="1.0" encoding="UTF-8"?>
<!-- Generated by org.testng.reporters.JUnitReportReporter -->
<testsuite hostname="DESKTOP-PH58IT2" failures="0" tests="1" name="com.test.ci.FirstCI" time="42.780" errors="0" timestamp="2025-01-23T17:37:52 IST" skipped="0">
  <testcase classname="com.test.ci.FirstCI" name="openMyBlog" time="42.780"/>
</testsuite> <!-- com.test.ci.FirstCI -->
