<?xml version="1.0" encoding="UTF-8"?>
<!-- Generated by org.testng.reporters.JUnitReportReporter -->
<testsuite hostname="DESKTOP-PH58IT2" failures="0" tests="1" name="jenkinsci.FirstCI" time="51.073" errors="0" timestamp="2025-01-23T20:46:20 IST" skipped="0">
  <testcase classname="jenkinsci.FirstCI" name="openMyBlog" time="51.073"/>
</testsuite> <!-- jenkinsci.FirstCI -->
